<?xml version="1.0" encoding="UTF-8"?>
<!-- Generated by org.testng.reporters.JUnitReportReporter -->
<testsuite hostname="DESKTOP-KIBHVTP" failures="0" tests="1" name="practice.PracticeClass1" time="0.023" errors="0" timestamp="2023-03-12T16:16:20 IST" skipped="0">
  <testcase classname="practice.PracticeClass1" name="test" time="0.023"/>
  <system-out/>
</testsuite> <!-- practice.PracticeClass1 -->
