<?xml version="1.0" encoding="UTF-8"?>
<!-- Generated by org.testng.reporters.JUnitReportReporter -->
<testsuite hostname="DESKTOP-KIBHVTP" failures="0" tests="1" name="practice.PracticeClass2" time="0.002" errors="0" timestamp="2023-03-10T15:12:36 IST" skipped="0">
  <testcase classname="practice.PracticeClass2" name="test" time="0.002"/>
  <system-out/>
</testsuite> <!-- practice.PracticeClass2 -->
